<?xml version="1.0" encoding="UTF-8"?>
<TestRun id="fe6218f9-271e-4128-95d7-bd217bdcbb38" name="Jacob@MANTA 2014-01-20 12:26:59" runUser="MANTA\Jacob" xmlns="http://microsoft.com/schemas/VisualStudio/TeamTest/2010">
  <TestSettings name="Local" id="cbdc99a1-1f24-40e3-ba89-44dab7a2eb12">
    <Description>These are default test settings for a local test run.</Description>
    <Deployment enabled="false" runDeploymentRoot="Jacob_MANTA 2014-01-20 12_26_59">
      <DeploymentItem filename="c:\users\jacob\documents\visual studio 2010\Projects\LinkedListQueueProject\LinkedListQueueProject\bin\Debug\LinkedListQueueProject.dll" />
    </Deployment>
    <Execution>
      <TestTypeSpecific />
      <AgentRule name="Execution Agents">
      </AgentRule>
    </Execution>
  </TestSettings>
  <Times creation="2014-01-20T12:26:59.0211037-06:00" queuing="2014-01-20T12:26:59.0331024-06:00" start="2014-01-20T12:26:59.0381059-06:00" finish="2014-01-20T12:27:00.4548746-06:00" />
  <ResultSummary outcome="Error">
    <Counters total="14" executed="14" passed="13" error="1" failed="0" timeout="0" aborted="0" inconclusive="0" passedButRunAborted="0" notRunnable="0" notExecuted="0" disconnected="0" warning="0" completed="0" inProgress="0" pending="0" />
  </ResultSummary>
  <TestDefinitions>
    <UnitTest name="ShouldBeAbleToCreateNodesWithNames" storage="c:\users\jacob\documents\visual studio 2010\projects\linkedlistqueueproject\linkedlistqueuetests\bin\debug\linkedlistqueuetests.dll" id="73e15b9f-3684-1b00-0ae0-6e777dc87c11">
      <Execution id="8cf0dbe4-2de4-4681-8127-8e14451b6dc5" />
      <TestMethod codeBase="c:/users/jacob/documents/visual studio 2010/Projects/LinkedListQueueProject/LinkedListQueueTests/bin/Debug/LinkedListQueueTests.DLL" adapterTypeName="Microsoft.VisualStudio.TestTools.TestTypes.Unit.UnitTestAdapter, Microsoft.VisualStudio.QualityTools.Tips.UnitTest.Adapter, Version=10.0.0.0, Culture=neutral, PublicKeyToken=b03f5f7f11d50a3a" className="LinkedListQueueTests.NodeTest, LinkedListQueueTests, Version=1.0.0.0, Culture=neutral, PublicKeyToken=null" name="ShouldBeAbleToCreateNodesWithNames" />
    </UnitTest>
    <UnitTest name="HeadMethodShouldReturnHeadNode" storage="c:\users\jacob\documents\visual studio 2010\projects\linkedlistqueueproject\linkedlistqueuetests\bin\debug\linkedlistqueuetests.dll" id="d1776204-a50e-1217-7175-95fca87297d1">
      <Execution id="af9cdf38-1b88-4d42-aba8-0b59149385a5" />
      <TestMethod codeBase="c:/users/jacob/documents/visual studio 2010/Projects/LinkedListQueueProject/LinkedListQueueTests/bin/Debug/LinkedListQueueTests.DLL" adapterTypeName="Microsoft.VisualStudio.TestTools.TestTypes.Unit.UnitTestAdapter, Microsoft.VisualStudio.QualityTools.Tips.UnitTest.Adapter, Version=10.0.0.0, Culture=neutral, PublicKeyToken=b03f5f7f11d50a3a" className="LinkedListQueueTests.LinkedListQueueTest, LinkedListQueueTests, Version=1.0.0.0, Culture=neutral, PublicKeyToken=null" name="HeadMethodShouldReturnHeadNode" />
    </UnitTest>
    <UnitTest name="GetNameShouldReturnAName" storage="c:\users\jacob\documents\visual studio 2010\projects\linkedlistqueueproject\linkedlistqueuetests\bin\debug\linkedlistqueuetests.dll" id="14586cee-3adb-8ba8-b681-9889153d460a">
      <Execution id="47cdb165-04c5-4683-8777-4d93e05ed3dd" />
      <TestMethod codeBase="c:/users/jacob/documents/visual studio 2010/Projects/LinkedListQueueProject/LinkedListQueueTests/bin/Debug/LinkedListQueueTests.DLL" adapterTypeName="Microsoft.VisualStudio.TestTools.TestTypes.Unit.UnitTestAdapter, Microsoft.VisualStudio.QualityTools.Tips.UnitTest.Adapter, Version=10.0.0.0, Culture=neutral, PublicKeyToken=b03f5f7f11d50a3a" className="LinkedListQueueTests.NodeTest, LinkedListQueueTests, Version=1.0.0.0, Culture=neutral, PublicKeyToken=null" name="GetNameShouldReturnAName" />
    </UnitTest>
    <UnitTest name="DequeueShouldCreateNewHeadNode" storage="c:\users\jacob\documents\visual studio 2010\projects\linkedlistqueueproject\linkedlistqueuetests\bin\debug\linkedlistqueuetests.dll" id="8ae4aee8-2123-fb66-d340-87c2f40d0e5d">
      <Execution id="e6dd35bd-b841-45c5-b7f3-0e3ae4db835c" />
      <TestMethod codeBase="c:/users/jacob/documents/visual studio 2010/Projects/LinkedListQueueProject/LinkedListQueueTests/bin/Debug/LinkedListQueueTests.DLL" adapterTypeName="Microsoft.VisualStudio.TestTools.TestTypes.Unit.UnitTestAdapter, Microsoft.VisualStudio.QualityTools.Tips.UnitTest.Adapter, Version=10.0.0.0, Culture=neutral, PublicKeyToken=b03f5f7f11d50a3a" className="LinkedListQueueTests.LinkedListQueueTest, LinkedListQueueTests, Version=1.0.0.0, Culture=neutral, PublicKeyToken=null" name="DequeueShouldCreateNewHeadNode" />
    </UnitTest>
    <UnitTest name="ShouldBeAbleToCreateNodesWithNextNodes" storage="c:\users\jacob\documents\visual studio 2010\projects\linkedlistqueueproject\linkedlistqueuetests\bin\debug\linkedlistqueuetests.dll" id="fdd77d2c-d57c-f1cb-b178-ef37f15093cb">
      <Execution id="42a836e9-75dc-4b7e-a0d2-4d12ec294d13" />
      <TestMethod codeBase="c:/users/jacob/documents/visual studio 2010/Projects/LinkedListQueueProject/LinkedListQueueTests/bin/Debug/LinkedListQueueTests.DLL" adapterTypeName="Microsoft.VisualStudio.TestTools.TestTypes.Unit.UnitTestAdapter, Microsoft.VisualStudio.QualityTools.Tips.UnitTest.Adapter, Version=10.0.0.0, Culture=neutral, PublicKeyToken=b03f5f7f11d50a3a" className="LinkedListQueueTests.NodeTest, LinkedListQueueTests, Version=1.0.0.0, Culture=neutral, PublicKeyToken=null" name="ShouldBeAbleToCreateNodesWithNextNodes" />
    </UnitTest>
    <UnitTest name="SetNamesShouldChangeTheName" storage="c:\users\jacob\documents\visual studio 2010\projects\linkedlistqueueproject\linkedlistqueuetests\bin\debug\linkedlistqueuetests.dll" id="dd3b011a-61ea-44e6-4650-dc9d8d3cf05c">
      <Execution id="db0022b6-2c2b-426e-9f35-509881c9a399" />
      <TestMethod codeBase="c:/users/jacob/documents/visual studio 2010/Projects/LinkedListQueueProject/LinkedListQueueTests/bin/Debug/LinkedListQueueTests.DLL" adapterTypeName="Microsoft.VisualStudio.TestTools.TestTypes.Unit.UnitTestAdapter, Microsoft.VisualStudio.QualityTools.Tips.UnitTest.Adapter, Version=10.0.0.0, Culture=neutral, PublicKeyToken=b03f5f7f11d50a3a" className="LinkedListQueueTests.NodeTest, LinkedListQueueTests, Version=1.0.0.0, Culture=neutral, PublicKeyToken=null" name="SetNamesShouldChangeTheName" />
    </UnitTest>
    <UnitTest name="ShouldBeAbleToCreateNodes" storage="c:\users\jacob\documents\visual studio 2010\projects\linkedlistqueueproject\linkedlistqueuetests\bin\debug\linkedlistqueuetests.dll" id="1d6b2bd8-3b8a-9e65-6d10-cf27e8523598">
      <Execution id="4219f62d-b62e-4e18-af3d-d49cd4c4a827" />
      <TestMethod codeBase="c:/users/jacob/documents/visual studio 2010/Projects/LinkedListQueueProject/LinkedListQueueTests/bin/Debug/LinkedListQueueTests.DLL" adapterTypeName="Microsoft.VisualStudio.TestTools.TestTypes.Unit.UnitTestAdapter, Microsoft.VisualStudio.QualityTools.Tips.UnitTest.Adapter, Version=10.0.0.0, Culture=neutral, PublicKeyToken=b03f5f7f11d50a3a" className="LinkedListQueueTests.NodeTest, LinkedListQueueTests, Version=1.0.0.0, Culture=neutral, PublicKeyToken=null" name="ShouldBeAbleToCreateNodes" />
    </UnitTest>
    <UnitTest name="LinkedListQueueConstructorTest" storage="c:\users\jacob\documents\visual studio 2010\projects\linkedlistqueueproject\linkedlistqueuetests\bin\debug\linkedlistqueuetests.dll" id="7bb9d228-8e50-7876-e2f7-9e8cfbb85167">
      <Execution id="6f113b51-07d9-4458-87ca-7801613364ca" />
      <TestMethod codeBase="c:/users/jacob/documents/visual studio 2010/Projects/LinkedListQueueProject/LinkedListQueueTests/bin/Debug/LinkedListQueueTests.DLL" adapterTypeName="Microsoft.VisualStudio.TestTools.TestTypes.Unit.UnitTestAdapter, Microsoft.VisualStudio.QualityTools.Tips.UnitTest.Adapter, Version=10.0.0.0, Culture=neutral, PublicKeyToken=b03f5f7f11d50a3a" className="LinkedListQueueTests.LinkedListQueueTest, LinkedListQueueTests, Version=1.0.0.0, Culture=neutral, PublicKeyToken=null" name="LinkedListQueueConstructorTest" />
    </UnitTest>
    <UnitTest name="FindShouldReturnDesiredNode" storage="c:\users\jacob\documents\visual studio 2010\projects\linkedlistqueueproject\linkedlistqueuetests\bin\debug\linkedlistqueuetests.dll" id="0dfd78de-e5c1-c74c-a152-fd356d88d7a2">
      <Execution id="094f1679-9ca8-4fb6-9ef8-115022a88b2a" />
      <TestMethod codeBase="c:/users/jacob/documents/visual studio 2010/Projects/LinkedListQueueProject/LinkedListQueueTests/bin/Debug/LinkedListQueueTests.DLL" adapterTypeName="Microsoft.VisualStudio.TestTools.TestTypes.Unit.UnitTestAdapter, Microsoft.VisualStudio.QualityTools.Tips.UnitTest.Adapter, Version=10.0.0.0, Culture=neutral, PublicKeyToken=b03f5f7f11d50a3a" className="LinkedListQueueTests.LinkedListQueueTest, LinkedListQueueTests, Version=1.0.0.0, Culture=neutral, PublicKeyToken=null" name="FindShouldReturnDesiredNode" />
    </UnitTest>
    <UnitTest name="DequeueShouldReturnHeadNode" storage="c:\users\jacob\documents\visual studio 2010\projects\linkedlistqueueproject\linkedlistqueuetests\bin\debug\linkedlistqueuetests.dll" id="f37e1ef7-2f0e-3581-34f0-f5472e6bfe7c">
      <Execution id="ae7d493d-5760-4095-ae2a-a6b59ed2846f" />
      <TestMethod codeBase="c:/users/jacob/documents/visual studio 2010/Projects/LinkedListQueueProject/LinkedListQueueTests/bin/Debug/LinkedListQueueTests.DLL" adapterTypeName="Microsoft.VisualStudio.TestTools.TestTypes.Unit.UnitTestAdapter, Microsoft.VisualStudio.QualityTools.Tips.UnitTest.Adapter, Version=10.0.0.0, Culture=neutral, PublicKeyToken=b03f5f7f11d50a3a" className="LinkedListQueueTests.LinkedListQueueTest, LinkedListQueueTests, Version=1.0.0.0, Culture=neutral, PublicKeyToken=null" name="DequeueShouldReturnHeadNode" />
    </UnitTest>
    <UnitTest name="EnqueueShouldTakeANode" storage="c:\users\jacob\documents\visual studio 2010\projects\linkedlistqueueproject\linkedlistqueuetests\bin\debug\linkedlistqueuetests.dll" id="afad4eff-e3a9-fc6d-d441-26bd438a489b">
      <Execution id="defc3386-c270-4b53-a4a3-aa4b3c482e04" />
      <TestMethod codeBase="c:/users/jacob/documents/visual studio 2010/Projects/LinkedListQueueProject/LinkedListQueueTests/bin/Debug/LinkedListQueueTests.DLL" adapterTypeName="Microsoft.VisualStudio.TestTools.TestTypes.Unit.UnitTestAdapter, Microsoft.VisualStudio.QualityTools.Tips.UnitTest.Adapter, Version=10.0.0.0, Culture=neutral, PublicKeyToken=b03f5f7f11d50a3a" className="LinkedListQueueTests.LinkedListQueueTest, LinkedListQueueTests, Version=1.0.0.0, Culture=neutral, PublicKeyToken=null" name="EnqueueShouldTakeANode" />
    </UnitTest>
    <UnitTest name="EnqueueShouldAddPreviousTailToNewTailsNextNode" storage="c:\users\jacob\documents\visual studio 2010\projects\linkedlistqueueproject\linkedlistqueuetests\bin\debug\linkedlistqueuetests.dll" id="a14a2c93-7cbc-9b40-51c7-07d229970091">
      <Execution id="656bd4ac-5c33-4347-8288-e6eb44eb2c60" />
      <TestMethod codeBase="c:/users/jacob/documents/visual studio 2010/Projects/LinkedListQueueProject/LinkedListQueueTests/bin/Debug/LinkedListQueueTests.DLL" adapterTypeName="Microsoft.VisualStudio.TestTools.TestTypes.Unit.UnitTestAdapter, Microsoft.VisualStudio.QualityTools.Tips.UnitTest.Adapter, Version=10.0.0.0, Culture=neutral, PublicKeyToken=b03f5f7f11d50a3a" className="LinkedListQueueTests.LinkedListQueueTest, LinkedListQueueTests, Version=1.0.0.0, Culture=neutral, PublicKeyToken=null" name="EnqueueShouldAddPreviousTailToNewTailsNextNode" />
    </UnitTest>
    <UnitTest name="TailShouldReturnLastNodeInQueue" storage="c:\users\jacob\documents\visual studio 2010\projects\linkedlistqueueproject\linkedlistqueuetests\bin\debug\linkedlistqueuetests.dll" id="7af559c6-30cb-3c6c-c619-926d8a6a7847">
      <Execution id="bb971558-b193-4315-9c54-9a84a9c81277" />
      <TestMethod codeBase="c:/users/jacob/documents/visual studio 2010/Projects/LinkedListQueueProject/LinkedListQueueTests/bin/Debug/LinkedListQueueTests.DLL" adapterTypeName="Microsoft.VisualStudio.TestTools.TestTypes.Unit.UnitTestAdapter, Microsoft.VisualStudio.QualityTools.Tips.UnitTest.Adapter, Version=10.0.0.0, Culture=neutral, PublicKeyToken=b03f5f7f11d50a3a" className="LinkedListQueueTests.LinkedListQueueTest, LinkedListQueueTests, Version=1.0.0.0, Culture=neutral, PublicKeyToken=null" name="TailShouldReturnLastNodeInQueue" />
    </UnitTest>
    <UnitTest name="ShouldBeAbleToGetAndSetNextNode" storage="c:\users\jacob\documents\visual studio 2010\projects\linkedlistqueueproject\linkedlistqueuetests\bin\debug\linkedlistqueuetests.dll" id="5373455d-45db-29d0-b572-6ee8f80a0b06">
      <Execution id="8a79ae95-aa4f-4f68-a0c0-10f20657894c" />
      <TestMethod codeBase="c:/users/jacob/documents/visual studio 2010/Projects/LinkedListQueueProject/LinkedListQueueTests/bin/Debug/LinkedListQueueTests.DLL" adapterTypeName="Microsoft.VisualStudio.TestTools.TestTypes.Unit.UnitTestAdapter, Microsoft.VisualStudio.QualityTools.Tips.UnitTest.Adapter, Version=10.0.0.0, Culture=neutral, PublicKeyToken=b03f5f7f11d50a3a" className="LinkedListQueueTests.NodeTest, LinkedListQueueTests, Version=1.0.0.0, Culture=neutral, PublicKeyToken=null" name="ShouldBeAbleToGetAndSetNextNode" />
    </UnitTest>
  </TestDefinitions>
  <TestLists>
    <TestList name="Results Not in a List" id="8c84fa94-04c1-424b-9868-57a2d4851a1d" />
    <TestList name="All Loaded Results" id="19431567-8539-422a-85d7-44ee4e166bda" />
  </TestLists>
  <TestEntries>
    <TestEntry testId="dd3b011a-61ea-44e6-4650-dc9d8d3cf05c" executionId="db0022b6-2c2b-426e-9f35-509881c9a399" testListId="8c84fa94-04c1-424b-9868-57a2d4851a1d" />
    <TestEntry testId="d1776204-a50e-1217-7175-95fca87297d1" executionId="af9cdf38-1b88-4d42-aba8-0b59149385a5" testListId="8c84fa94-04c1-424b-9868-57a2d4851a1d" />
    <TestEntry testId="a14a2c93-7cbc-9b40-51c7-07d229970091" executionId="656bd4ac-5c33-4347-8288-e6eb44eb2c60" testListId="8c84fa94-04c1-424b-9868-57a2d4851a1d" />
    <TestEntry testId="1d6b2bd8-3b8a-9e65-6d10-cf27e8523598" executionId="4219f62d-b62e-4e18-af3d-d49cd4c4a827" testListId="8c84fa94-04c1-424b-9868-57a2d4851a1d" />
    <TestEntry testId="afad4eff-e3a9-fc6d-d441-26bd438a489b" executionId="defc3386-c270-4b53-a4a3-aa4b3c482e04" testListId="8c84fa94-04c1-424b-9868-57a2d4851a1d" />
    <TestEntry testId="f37e1ef7-2f0e-3581-34f0-f5472e6bfe7c" executionId="ae7d493d-5760-4095-ae2a-a6b59ed2846f" testListId="8c84fa94-04c1-424b-9868-57a2d4851a1d" />
    <TestEntry testId="5373455d-45db-29d0-b572-6ee8f80a0b06" executionId="8a79ae95-aa4f-4f68-a0c0-10f20657894c" testListId="8c84fa94-04c1-424b-9868-57a2d4851a1d" />
    <TestEntry testId="fdd77d2c-d57c-f1cb-b178-ef37f15093cb" executionId="42a836e9-75dc-4b7e-a0d2-4d12ec294d13" testListId="8c84fa94-04c1-424b-9868-57a2d4851a1d" />
    <TestEntry testId="14586cee-3adb-8ba8-b681-9889153d460a" executionId="47cdb165-04c5-4683-8777-4d93e05ed3dd" testListId="8c84fa94-04c1-424b-9868-57a2d4851a1d" />
    <TestEntry testId="7af559c6-30cb-3c6c-c619-926d8a6a7847" executionId="bb971558-b193-4315-9c54-9a84a9c81277" testListId="8c84fa94-04c1-424b-9868-57a2d4851a1d" />
    <TestEntry testId="73e15b9f-3684-1b00-0ae0-6e777dc87c11" executionId="8cf0dbe4-2de4-4681-8127-8e14451b6dc5" testListId="8c84fa94-04c1-424b-9868-57a2d4851a1d" />
    <TestEntry testId="0dfd78de-e5c1-c74c-a152-fd356d88d7a2" executionId="094f1679-9ca8-4fb6-9ef8-115022a88b2a" testListId="8c84fa94-04c1-424b-9868-57a2d4851a1d" />
    <TestEntry testId="8ae4aee8-2123-fb66-d340-87c2f40d0e5d" executionId="e6dd35bd-b841-45c5-b7f3-0e3ae4db835c" testListId="8c84fa94-04c1-424b-9868-57a2d4851a1d" />
    <TestEntry testId="7bb9d228-8e50-7876-e2f7-9e8cfbb85167" executionId="6f113b51-07d9-4458-87ca-7801613364ca" testListId="8c84fa94-04c1-424b-9868-57a2d4851a1d" />
  </TestEntries>
  <Results>
    <UnitTestResult executionId="db0022b6-2c2b-426e-9f35-509881c9a399" testId="dd3b011a-61ea-44e6-4650-dc9d8d3cf05c" testName="SetNamesShouldChangeTheName" computerName="MANTA" duration="00:00:00.0097722" startTime="2014-01-20T12:26:59.0391062-06:00" endTime="2014-01-20T12:26:59.1621932-06:00" testType="13cdc9d9-ddb5-4fa4-a97d-d965ccfc6d4b" outcome="Passed" testListId="8c84fa94-04c1-424b-9868-57a2d4851a1d" relativeResultsDirectory="db0022b6-2c2b-426e-9f35-509881c9a399">
    </UnitTestResult>
    <UnitTestResult executionId="af9cdf38-1b88-4d42-aba8-0b59149385a5" testId="d1776204-a50e-1217-7175-95fca87297d1" testName="HeadMethodShouldReturnHeadNode" computerName="MANTA" duration="00:00:00.0005251" startTime="2014-01-20T12:26:59.1621932-06:00" endTime="2014-01-20T12:26:59.1651962-06:00" testType="13cdc9d9-ddb5-4fa4-a97d-d965ccfc6d4b" outcome="Passed" testListId="8c84fa94-04c1-424b-9868-57a2d4851a1d" relativeResultsDirectory="af9cdf38-1b88-4d42-aba8-0b59149385a5">
    </UnitTestResult>
    <UnitTestResult executionId="656bd4ac-5c33-4347-8288-e6eb44eb2c60" testId="a14a2c93-7cbc-9b40-51c7-07d229970091" testName="EnqueueShouldAddPreviousTailToNewTailsNextNode" computerName="MANTA" duration="00:00:00.0001684" startTime="2014-01-20T12:26:59.1661969-06:00" endTime="2014-01-20T12:26:59.1691982-06:00" testType="13cdc9d9-ddb5-4fa4-a97d-d965ccfc6d4b" outcome="Passed" testListId="8c84fa94-04c1-424b-9868-57a2d4851a1d" relativeResultsDirectory="656bd4ac-5c33-4347-8288-e6eb44eb2c60">
    </UnitTestResult>
    <UnitTestResult executionId="4219f62d-b62e-4e18-af3d-d49cd4c4a827" testId="1d6b2bd8-3b8a-9e65-6d10-cf27e8523598" testName="ShouldBeAbleToCreateNodes" computerName="MANTA" duration="00:00:00.0001077" startTime="2014-01-20T12:26:59.1691982-06:00" endTime="2014-01-20T12:26:59.1722136-06:00" testType="13cdc9d9-ddb5-4fa4-a97d-d965ccfc6d4b" outcome="Passed" testListId="8c84fa94-04c1-424b-9868-57a2d4851a1d" relativeResultsDirectory="4219f62d-b62e-4e18-af3d-d49cd4c4a827">
    </UnitTestResult>
    <UnitTestResult executionId="defc3386-c270-4b53-a4a3-aa4b3c482e04" testId="afad4eff-e3a9-fc6d-d441-26bd438a489b" testName="EnqueueShouldTakeANode" computerName="MANTA" duration="00:00:00.0001167" startTime="2014-01-20T12:26:59.1732010-06:00" endTime="2014-01-20T12:26:59.1752208-06:00" testType="13cdc9d9-ddb5-4fa4-a97d-d965ccfc6d4b" outcome="Passed" testListId="8c84fa94-04c1-424b-9868-57a2d4851a1d" relativeResultsDirectory="defc3386-c270-4b53-a4a3-aa4b3c482e04">
    </UnitTestResult>
    <UnitTestResult executionId="ae7d493d-5760-4095-ae2a-a6b59ed2846f" testId="f37e1ef7-2f0e-3581-34f0-f5472e6bfe7c" testName="DequeueShouldReturnHeadNode" computerName="MANTA" duration="00:00:00.0002946" startTime="2014-01-20T12:26:59.1762031-06:00" endTime="2014-01-20T12:26:59.1792181-06:00" testType="13cdc9d9-ddb5-4fa4-a97d-d965ccfc6d4b" outcome="Passed" testListId="8c84fa94-04c1-424b-9868-57a2d4851a1d" relativeResultsDirectory="ae7d493d-5760-4095-ae2a-a6b59ed2846f">
    </UnitTestResult>
    <UnitTestResult executionId="8a79ae95-aa4f-4f68-a0c0-10f20657894c" testId="5373455d-45db-29d0-b572-6ee8f80a0b06" testName="ShouldBeAbleToGetAndSetNextNode" computerName="MANTA" duration="00:00:00.0002317" startTime="2014-01-20T12:26:59.1802060-06:00" endTime="2014-01-20T12:26:59.1822206-06:00" testType="13cdc9d9-ddb5-4fa4-a97d-d965ccfc6d4b" outcome="Passed" testListId="8c84fa94-04c1-424b-9868-57a2d4851a1d" relativeResultsDirectory="8a79ae95-aa4f-4f68-a0c0-10f20657894c">
    </UnitTestResult>
    <UnitTestResult executionId="42a836e9-75dc-4b7e-a0d2-4d12ec294d13" testId="fdd77d2c-d57c-f1cb-b178-ef37f15093cb" testName="ShouldBeAbleToCreateNodesWithNextNodes" computerName="MANTA" duration="00:00:00.0001834" startTime="2014-01-20T12:26:59.1832102-06:00" endTime="2014-01-20T12:26:59.1852232-06:00" testType="13cdc9d9-ddb5-4fa4-a97d-d965ccfc6d4b" outcome="Passed" testListId="8c84fa94-04c1-424b-9868-57a2d4851a1d" relativeResultsDirectory="42a836e9-75dc-4b7e-a0d2-4d12ec294d13">
    </UnitTestResult>
    <UnitTestResult executionId="47cdb165-04c5-4683-8777-4d93e05ed3dd" testId="14586cee-3adb-8ba8-b681-9889153d460a" testName="GetNameShouldReturnAName" computerName="MANTA" duration="00:00:00.0001389" startTime="2014-01-20T12:26:59.1862102-06:00" endTime="2014-01-20T12:26:59.1892252-06:00" testType="13cdc9d9-ddb5-4fa4-a97d-d965ccfc6d4b" outcome="Passed" testListId="8c84fa94-04c1-424b-9868-57a2d4851a1d" relativeResultsDirectory="47cdb165-04c5-4683-8777-4d93e05ed3dd">
    </UnitTestResult>
    <UnitTestResult executionId="bb971558-b193-4315-9c54-9a84a9c81277" testId="7af559c6-30cb-3c6c-c619-926d8a6a7847" testName="TailShouldReturnLastNodeInQueue" computerName="MANTA" duration="00:00:00.0002061" startTime="2014-01-20T12:26:59.1892252-06:00" endTime="2014-01-20T12:26:59.1922145-06:00" testType="13cdc9d9-ddb5-4fa4-a97d-d965ccfc6d4b" outcome="Passed" testListId="8c84fa94-04c1-424b-9868-57a2d4851a1d" relativeResultsDirectory="bb971558-b193-4315-9c54-9a84a9c81277">
    </UnitTestResult>
    <UnitTestResult executionId="8cf0dbe4-2de4-4681-8127-8e14451b6dc5" testId="73e15b9f-3684-1b00-0ae0-6e777dc87c11" testName="ShouldBeAbleToCreateNodesWithNames" computerName="MANTA" duration="00:00:00.0001086" startTime="2014-01-20T12:26:59.1922145-06:00" endTime="2014-01-20T12:26:59.1952294-06:00" testType="13cdc9d9-ddb5-4fa4-a97d-d965ccfc6d4b" outcome="Passed" testListId="8c84fa94-04c1-424b-9868-57a2d4851a1d" relativeResultsDirectory="8cf0dbe4-2de4-4681-8127-8e14451b6dc5">
    </UnitTestResult>
    <UnitTestResult executionId="094f1679-9ca8-4fb6-9ef8-115022a88b2a" testId="0dfd78de-e5c1-c74c-a152-fd356d88d7a2" testName="FindShouldReturnDesiredNode" computerName="MANTA" startTime="2014-01-20T12:26:59.1962177-06:00" endTime="2014-01-20T12:27:00.2317300-06:00" testType="13cdc9d9-ddb5-4fa4-a97d-d965ccfc6d4b" testListId="8c84fa94-04c1-424b-9868-57a2d4851a1d" relativeResultsDirectory="094f1679-9ca8-4fb6-9ef8-115022a88b2a">
      <Output>
        <ErrorInfo>
          <Message>The agent process was stopped while the test was running.</Message>
        </ErrorInfo>
      </Output>
    </UnitTestResult>
    <UnitTestResult executionId="e6dd35bd-b841-45c5-b7f3-0e3ae4db835c" testId="8ae4aee8-2123-fb66-d340-87c2f40d0e5d" testName="DequeueShouldCreateNewHeadNode" computerName="MANTA" duration="00:00:00.0100631" startTime="2014-01-20T12:27:00.2417371-06:00" endTime="2014-01-20T12:27:00.4228656-06:00" testType="13cdc9d9-ddb5-4fa4-a97d-d965ccfc6d4b" outcome="Passed" testListId="8c84fa94-04c1-424b-9868-57a2d4851a1d" relativeResultsDirectory="e6dd35bd-b841-45c5-b7f3-0e3ae4db835c">
    </UnitTestResult>
    <UnitTestResult executionId="6f113b51-07d9-4458-87ca-7801613364ca" testId="7bb9d228-8e50-7876-e2f7-9e8cfbb85167" testName="LinkedListQueueConstructorTest" computerName="MANTA" duration="00:00:00.0000983" startTime="2014-01-20T12:27:00.4238527-06:00" endTime="2014-01-20T12:27:00.4268680-06:00" testType="13cdc9d9-ddb5-4fa4-a97d-d965ccfc6d4b" outcome="Passed" testListId="8c84fa94-04c1-424b-9868-57a2d4851a1d" relativeResultsDirectory="6f113b51-07d9-4458-87ca-7801613364ca">
    </UnitTestResult>
  </Results>
</TestRun>