<?xml version="1.0" encoding="UTF-8"?>
<TestRun id="17ed391d-691e-4a8f-9182-4720443b5b3c" name="Jacob@MANTA 2014-01-20 12:27:26" runUser="MANTA\Jacob" xmlns="http://microsoft.com/schemas/VisualStudio/TeamTest/2010">
  <TestSettings name="Local" id="cbdc99a1-1f24-40e3-ba89-44dab7a2eb12">
    <Description>These are default test settings for a local test run.</Description>
    <Deployment userDeploymentRoot="c:\users\jacob\documents\visual studio 2010\Projects\LinkedListQueueProject\TestResults" useDefaultDeploymentRoot="false" enabled="false" runDeploymentRoot="Jacob_MANTA 2014-01-20 12_27_26">
      <DeploymentItem filename="c:\users\jacob\documents\visual studio 2010\Projects\LinkedListQueueProject\LinkedListQueueProject\bin\Debug\LinkedListQueueProject.dll" />
    </Deployment>
    <Execution>
      <TestTypeSpecific />
      <AgentRule name="Execution Agents">
      </AgentRule>
    </Execution>
  </TestSettings>
  <Times creation="2014-01-20T12:27:26.8760267-06:00" queuing="2014-01-20T12:27:27.4064446-06:00" start="2014-01-20T12:27:27.4685013-06:00" finish="2014-01-20T12:27:41.3600768-06:00" />
  <ResultSummary outcome="Error">
    <Counters total="1" executed="1" error="0" failed="0" timeout="0" aborted="1" inconclusive="0" passedButRunAborted="0" notRunnable="0" notExecuted="0" disconnected="0" warning="0" passed="0" completed="0" inProgress="0" pending="0" />
    <RunInfos>
      <RunInfo computerName="MANTA" outcome="Error" timestamp="2014-01-20T12:27:41.3590761-06:00">
        <Text>Test host process exited unexpectedly.</Text>
      </RunInfo>
    </RunInfos>
  </ResultSummary>
  <TestDefinitions>
    <UnitTest name="FindShouldReturnDesiredNode" storage="c:\users\jacob\documents\visual studio 2010\projects\linkedlistqueueproject\linkedlistqueuetests\bin\debug\linkedlistqueuetests.dll" id="0dfd78de-e5c1-c74c-a152-fd356d88d7a2">
      <Execution id="f4bd0ebc-8674-479e-a72b-f8d1da07cff8" />
      <TestMethod codeBase="c:/users/jacob/documents/visual studio 2010/Projects/LinkedListQueueProject/LinkedListQueueTests/bin/Debug/LinkedListQueueTests.DLL" adapterTypeName="Microsoft.VisualStudio.TestTools.TestTypes.Unit.UnitTestAdapter, Microsoft.VisualStudio.QualityTools.Tips.UnitTest.Adapter, Version=10.0.0.0, Culture=neutral, PublicKeyToken=b03f5f7f11d50a3a" className="LinkedListQueueTests.LinkedListQueueTest, LinkedListQueueTests, Version=1.0.0.0, Culture=neutral, PublicKeyToken=null" name="FindShouldReturnDesiredNode" />
    </UnitTest>
  </TestDefinitions>
  <TestLists>
    <TestList name="Results Not in a List" id="8c84fa94-04c1-424b-9868-57a2d4851a1d" />
    <TestList name="All Loaded Results" id="19431567-8539-422a-85d7-44ee4e166bda" />
  </TestLists>
  <TestEntries>
    <TestEntry testId="0dfd78de-e5c1-c74c-a152-fd356d88d7a2" executionId="f4bd0ebc-8674-479e-a72b-f8d1da07cff8" testListId="8c84fa94-04c1-424b-9868-57a2d4851a1d" />
  </TestEntries>
  <Results>
    <UnitTestResult executionId="f4bd0ebc-8674-479e-a72b-f8d1da07cff8" testId="0dfd78de-e5c1-c74c-a152-fd356d88d7a2" testName="FindShouldReturnDesiredNode" computerName="MANTA" duration="00:00:13.8305443" startTime="2014-01-20T12:27:27.5295325-06:00" endTime="2014-01-20T12:27:41.3600768-06:00" testType="13cdc9d9-ddb5-4fa4-a97d-d965ccfc6d4b" outcome="Aborted" testListId="8c84fa94-04c1-424b-9868-57a2d4851a1d" relativeResultsDirectory="f4bd0ebc-8674-479e-a72b-f8d1da07cff8">
    </UnitTestResult>
  </Results>
</TestRun>