<?xml version="1.0" encoding="UTF-8"?>
<TestRun id="f09600a4-f472-4256-a230-e6dcd9f58212" name="Jacob@MANTA 2014-01-20 12:58:53" runUser="MANTA\Jacob" xmlns="http://microsoft.com/schemas/VisualStudio/TeamTest/2010">
  <TestSettings name="Local" id="cbdc99a1-1f24-40e3-ba89-44dab7a2eb12">
    <Description>These are default test settings for a local test run.</Description>
    <Deployment userDeploymentRoot="c:\users\jacob\documents\visual studio 2010\Projects\LinkedListQueueProject\TestResults" useDefaultDeploymentRoot="false" enabled="false" runDeploymentRoot="Jacob_MANTA 2014-01-20 12_58_53">
      <DeploymentItem filename="c:\users\jacob\documents\visual studio 2010\Projects\LinkedListQueueProject\LinkedListQueueProject\bin\Debug\LinkedListQueueProject.dll" />
    </Deployment>
    <Execution>
      <TestTypeSpecific />
      <AgentRule name="Execution Agents">
      </AgentRule>
    </Execution>
  </TestSettings>
  <Times creation="2014-01-20T12:58:53.6790848-06:00" queuing="2014-01-20T12:58:53.6840871-06:00" start="2014-01-20T12:58:53.6870905-06:00" finish="2014-01-20T12:58:53.8221852-06:00" />
  <ResultSummary outcome="Completed">
    <Counters total="1" executed="1" passed="1" error="0" failed="0" timeout="0" aborted="0" inconclusive="0" passedButRunAborted="0" notRunnable="0" notExecuted="0" disconnected="0" warning="0" completed="0" inProgress="0" pending="0" />
  </ResultSummary>
  <TestDefinitions>
    <UnitTest name="DequeueShouldCreateNewHeadNode" storage="c:\users\jacob\documents\visual studio 2010\projects\linkedlistqueueproject\linkedlistqueuetests\bin\debug\linkedlistqueuetests.dll" id="8ae4aee8-2123-fb66-d340-87c2f40d0e5d">
      <Execution id="c0915a30-bfdb-49f6-a9cf-1ecd9c6cbeef" />
      <TestMethod codeBase="c:/users/jacob/documents/visual studio 2010/Projects/LinkedListQueueProject/LinkedListQueueTests/bin/Debug/LinkedListQueueTests.DLL" adapterTypeName="Microsoft.VisualStudio.TestTools.TestTypes.Unit.UnitTestAdapter, Microsoft.VisualStudio.QualityTools.Tips.UnitTest.Adapter, Version=10.0.0.0, Culture=neutral, PublicKeyToken=b03f5f7f11d50a3a" className="LinkedListQueueTests.LinkedListQueueTest, LinkedListQueueTests, Version=1.0.0.0, Culture=neutral, PublicKeyToken=null" name="DequeueShouldCreateNewHeadNode" />
    </UnitTest>
  </TestDefinitions>
  <TestLists>
    <TestList name="Results Not in a List" id="8c84fa94-04c1-424b-9868-57a2d4851a1d" />
    <TestList name="All Loaded Results" id="19431567-8539-422a-85d7-44ee4e166bda" />
  </TestLists>
  <TestEntries>
    <TestEntry testId="8ae4aee8-2123-fb66-d340-87c2f40d0e5d" executionId="c0915a30-bfdb-49f6-a9cf-1ecd9c6cbeef" testListId="8c84fa94-04c1-424b-9868-57a2d4851a1d" />
  </TestEntries>
  <Results>
    <UnitTestResult executionId="c0915a30-bfdb-49f6-a9cf-1ecd9c6cbeef" testId="8ae4aee8-2123-fb66-d340-87c2f40d0e5d" testName="DequeueShouldCreateNewHeadNode" computerName="MANTA" duration="00:00:00.0107127" startTime="2014-01-20T12:58:53.6890911-06:00" endTime="2014-01-20T12:58:53.8141791-06:00" testType="13cdc9d9-ddb5-4fa4-a97d-d965ccfc6d4b" outcome="Passed" testListId="8c84fa94-04c1-424b-9868-57a2d4851a1d" relativeResultsDirectory="c0915a30-bfdb-49f6-a9cf-1ecd9c6cbeef">
    </UnitTestResult>
  </Results>
</TestRun>